C:\Program Files (x86)\MSBuild\Microsoft.Cpp\v4.0\V140\Microsoft.CppBuild.targets(392,5): warning MSB8028: The intermediate directory (x64\Simulation\) contains files shared from another project (Get_file_enclave.vcxproj).  This can lead to incorrect clean and rebuild behavior.
  Creating proxy/bridge routines
  Logical_enclave.cpp
Logical_enclave.cpp(96): warning C4267: “参数”: 从“size_t”转换到“int”，可能丢失数据
Logical_enclave.cpp(111): warning C4267: “参数”: 从“size_t”转换到“int”，可能丢失数据
Logical_enclave.cpp(177): warning C4267: “参数”: 从“size_t”转换到“int”，可能丢失数据
Logical_enclave.cpp(182): warning C4267: “参数”: 从“size_t”转换到“int”，可能丢失数据
Logical_enclave.cpp(183): warning C4267: “参数”: 从“size_t”转换到“int”，可能丢失数据
Logical_enclave.cpp(195): warning C4267: “参数”: 从“size_t”转换到“int”，可能丢失数据
Logical_enclave.cpp(200): warning C4267: “参数”: 从“size_t”转换到“int”，可能丢失数据
Logical_enclave.cpp(201): warning C4267: “参数”: 从“size_t”转换到“int”，可能丢失数据
Logical_enclave.cpp(216): warning C4091: “typedef ”: 没有声明变量时忽略“Tofileenclave”的左侧
Logical_enclave.cpp(221): warning C4091: “typedef ”: 没有声明变量时忽略“UserRequest”的左侧
Logical_enclave.cpp(253): warning C4267: “=”: 从“size_t”转换到“uint32_t”，可能丢失数据
Logical_enclave.cpp(246): warning C4101: “tampF”: 未引用的局部变量
Logical_enclave.cpp(304): warning C4267: “初始化”: 从“size_t”转换到“int”，可能丢失数据
Logical_enclave.cpp(422): warning C4267: “参数”: 从“size_t”转换到“uint32_t”，可能丢失数据
  Logical_enclave_t.c
    正在创建库 E:\ORAM\x64\Simulation\Logical_enclave.lib 和对象 E:\ORAM\x64\Simulation\Logical_enclave.exp
  Logical_enclave.vcxproj -> E:\ORAM\x64\Simulation\Logical_enclave.dll
  Logical_enclave.vcxproj -> E:\ORAM\x64\Simulation\Logical_enclave.pdb (Full PDB)
  The required memory is 0x461000.
  Succeed.
  <EnclaveConfiguration>
      <ProdID>0</ProdID>
      <ISVSVN>0</ISVSVN>
      <StackMaxSize>0x40000</StackMaxSize>
      <HeapMaxSize>0x100000</HeapMaxSize>
      <TCSNum>10</TCSNum>
      <TCSPolicy>1</TCSPolicy>
      <DisableDebug>0</DisableDebug>
      <MiscSelect>0</MiscSelect>
      <MiscMask>0xFFFFFFFF</MiscMask>
  </EnclaveConfiguration>
