d:\vs2015_projects\oram\oram\simulation\vc140.pdb
d:\vs2015_projects\oram\oram\simulation\vc140.idb
d:\vs2015_projects\oram\oram\simulation\acbucket.obj
d:\vs2015_projects\oram\oram\simulation\block.obj
d:\vs2015_projects\oram\oram\simulation\enclave_file.obj
d:\vs2015_projects\oram\oram\simulation\userinterface.obj
d:\vs2015_projects\oram\oram\simulation\oram_envalve_u.obj
d:\vs2015_projects\oram\oram\oram_envalve_u.h
d:\vs2015_projects\oram\oram\oram_envalve_u.c
d:\vs2015_projects\oram\simulation\oram.ilk
d:\vs2015_projects\oram\simulation\oram.exe
d:\vs2015_projects\oram\simulation\oram.pdb
d:\vs2015_projects\oram\oram\simulation\oram.tlog\cl.command.1.tlog
d:\vs2015_projects\oram\oram\simulation\oram.tlog\cl.read.1.tlog
d:\vs2015_projects\oram\oram\simulation\oram.tlog\cl.write.1.tlog
d:\vs2015_projects\oram\oram\simulation\oram.tlog\custombuild.command.1.tlog
d:\vs2015_projects\oram\oram\simulation\oram.tlog\custombuild.read.1.tlog
d:\vs2015_projects\oram\oram\simulation\oram.tlog\custombuild.write.1.tlog
d:\vs2015_projects\oram\oram\simulation\oram.tlog\link.command.1.tlog
d:\vs2015_projects\oram\oram\simulation\oram.tlog\link.read.1.tlog
d:\vs2015_projects\oram\oram\simulation\oram.tlog\link.write.1.tlog
