e:\oram\oram\x64\simulation\vc140.pdb
e:\oram\oram\x64\simulation\vc140.idb
e:\oram\oram\x64\simulation\block.obj
e:\oram\oram\x64\simulation\enclave_file.obj
e:\oram\oram\x64\simulation\server.obj
e:\oram\oram\x64\simulation\userinterface.obj
e:\oram\oram\x64\simulation\logical_enclave_u.obj
e:\oram\oram\x64\simulation\oram_envalve_u.obj
e:\oram\oram\oram_envalve_u.h
e:\oram\oram\oram_envalve_u.c
e:\oram\oram\logical_enclave_u.h
e:\oram\oram\logical_enclave_u.c
e:\oram\x64\simulation\oram.ilk
e:\oram\x64\simulation\oram.exe
e:\oram\x64\simulation\oram.pdb
e:\oram\oram\x64\simulation\oram.tlog\cl.command.1.tlog
e:\oram\oram\x64\simulation\oram.tlog\cl.read.1.tlog
e:\oram\oram\x64\simulation\oram.tlog\cl.write.1.tlog
e:\oram\oram\x64\simulation\oram.tlog\custombuild.command.1.tlog
e:\oram\oram\x64\simulation\oram.tlog\custombuild.read.1.tlog
e:\oram\oram\x64\simulation\oram.tlog\custombuild.write.1.tlog
e:\oram\oram\x64\simulation\oram.tlog\link.command.1.tlog
e:\oram\oram\x64\simulation\oram.tlog\link.read.1.tlog
e:\oram\oram\x64\simulation\oram.tlog\link.write.1.tlog
