e:\oram_envalve\oram_envalve\x64\simulation\vc140.pdb
e:\oram_envalve\oram_envalve\x64\simulation\oram_envalve.obj
e:\oram_envalve\oram_envalve\x64\simulation\bucket.obj
e:\oram_envalve\oram_envalve\x64\simulation\block.obj
e:\oram_envalve\oram_envalve\x64\simulation\acbucket.obj
e:\oram_envalve\oram_envalve\x64\simulation\acblock.obj
e:\oram_envalve\oram_envalve\x64\simulation\oram_envalve_t.obj
e:\oram_envalve\oram_envalve\oram_envalve_t.h
e:\oram_envalve\oram_envalve\oram_envalve_t.c
e:\oram\x64\simulation\oram_envalve.dll
e:\oram\x64\simulation\oram_envalve.pdb
e:\oram\x64\simulation\oram_envalve.lib
e:\oram\x64\simulation\oram_envalve.exp
e:\oram_envalve\oram_envalve\x64\simulation\oram_envalve.tlog\cl.command.1.tlog
e:\oram_envalve\oram_envalve\x64\simulation\oram_envalve.tlog\cl.read.1.tlog
e:\oram_envalve\oram_envalve\x64\simulation\oram_envalve.tlog\cl.write.1.tlog
e:\oram_envalve\oram_envalve\x64\simulation\oram_envalve.tlog\custombuild.command.1.tlog
e:\oram_envalve\oram_envalve\x64\simulation\oram_envalve.tlog\custombuild.read.1.tlog
e:\oram_envalve\oram_envalve\x64\simulation\oram_envalve.tlog\custombuild.write.1.tlog
e:\oram_envalve\oram_envalve\x64\simulation\oram_envalve.tlog\link.command.1.tlog
e:\oram_envalve\oram_envalve\x64\simulation\oram_envalve.tlog\link.read.1.tlog
e:\oram_envalve\oram_envalve\x64\simulation\oram_envalve.tlog\link.write.1.tlog
e:\oram_envalve\oram_envalve\x64\simulation\oram_envalve.tlog\oram_envalve.write.1u.tlog
